<?xml version="1.0" encoding="UTF-8"?>
<testsuite name="hello.springmvc.SpringmvcApplicationTests" tests="1" skipped="0" failures="0" errors="0" timestamp="2023-07-19T14:58:10" hostname="johyeonhwaui-MacBookPro.local" time="0.609">
  <properties/>
  <testcase name="contextLoads()" classname="hello.springmvc.SpringmvcApplicationTests" time="0.609"/>
  <system-out><![CDATA[23:58:07.305 [Test worker] DEBUG org.springframework.test.context.BootstrapUtils - Instantiating CacheAwareContextLoaderDelegate from class [org.springframework.test.context.cache.DefaultCacheAwareContextLoaderDelegate]
23:58:07.325 [Test worker] DEBUG org.springframework.test.context.BootstrapUtils - Instantiating BootstrapContext using constructor [public org.springframework.test.context.support.DefaultBootstrapContext(java.lang.Class,org.springframework.test.context.CacheAwareContextLoaderDelegate)]
23:58:07.395 [Test worker] DEBUG org.springframework.test.context.BootstrapUtils - Instantiating TestContextBootstrapper for test class [hello.springmvc.SpringmvcApplicationTests] from class [org.springframework.boot.test.context.SpringBootTestContextBootstrapper]
23:58:07.416 [Test worker] INFO org.springframework.boot.test.context.SpringBootTestContextBootstrapper - Neither @ContextConfiguration nor @ContextHierarchy found for test class [hello.springmvc.SpringmvcApplicationTests], using SpringBootContextLoader
23:58:07.423 [Test worker] DEBUG org.springframework.test.context.support.AbstractContextLoader - Did not detect default resource location for test class [hello.springmvc.SpringmvcApplicationTests]: class path resource [hello/springmvc/SpringmvcApplicationTests-context.xml] does not exist
23:58:07.424 [Test worker] DEBUG org.springframework.test.context.support.AbstractContextLoader - Did not detect default resource location for test class [hello.springmvc.SpringmvcApplicationTests]: class path resource [hello/springmvc/SpringmvcApplicationTestsContext.groovy] does not exist
23:58:07.425 [Test worker] INFO org.springframework.test.context.support.AbstractContextLoader - Could not detect default resource locations for test class [hello.springmvc.SpringmvcApplicationTests]: no resource found for suffixes {-context.xml, Context.groovy}.
23:58:07.426 [Test worker] INFO org.springframework.test.context.support.AnnotationConfigContextLoaderUtils - Could not detect default configuration classes for test class [hello.springmvc.SpringmvcApplicationTests]: SpringmvcApplicationTests does not declare any static, non-private, non-final, nested classes annotated with @Configuration.
23:58:07.494 [Test worker] DEBUG org.springframework.test.context.support.ActiveProfilesUtils - Could not find an 'annotation declaring class' for annotation type [org.springframework.test.context.ActiveProfiles] and class [hello.springmvc.SpringmvcApplicationTests]
23:58:07.575 [Test worker] DEBUG org.springframework.context.annotation.ClassPathScanningCandidateComponentProvider - Identified candidate component class: file [/Users/tomatocho/springmvc/build/classes/java/main/hello/springmvc/SpringmvcApplication.class]
23:58:07.577 [Test worker] INFO org.springframework.boot.test.context.SpringBootTestContextBootstrapper - Found @SpringBootConfiguration hello.springmvc.SpringmvcApplication for test class hello.springmvc.SpringmvcApplicationTests
23:58:07.726 [Test worker] DEBUG org.springframework.boot.test.context.SpringBootTestContextBootstrapper - @TestExecutionListeners is not present for class [hello.springmvc.SpringmvcApplicationTests]: using defaults.
23:58:07.726 [Test worker] INFO org.springframework.boot.test.context.SpringBootTestContextBootstrapper - Loaded default TestExecutionListener class names from location [META-INF/spring.factories]: [org.springframework.boot.test.autoconfigure.restdocs.RestDocsTestExecutionListener, org.springframework.boot.test.autoconfigure.web.client.MockRestServiceServerResetTestExecutionListener, org.springframework.boot.test.autoconfigure.web.servlet.MockMvcPrintOnlyOnFailureTestExecutionListener, org.springframework.boot.test.autoconfigure.web.servlet.WebDriverTestExecutionListener, org.springframework.boot.test.autoconfigure.webservices.client.MockWebServiceServerTestExecutionListener, org.springframework.boot.test.mock.mockito.MockitoTestExecutionListener, org.springframework.boot.test.mock.mockito.ResetMocksTestExecutionListener, org.springframework.test.context.web.ServletTestExecutionListener, org.springframework.test.context.support.DirtiesContextBeforeModesTestExecutionListener, org.springframework.test.context.event.ApplicationEventsTestExecutionListener, org.springframework.test.context.support.DependencyInjectionTestExecutionListener, org.springframework.test.context.support.DirtiesContextTestExecutionListener, org.springframework.test.context.transaction.TransactionalTestExecutionListener, org.springframework.test.context.jdbc.SqlScriptsTestExecutionListener, org.springframework.test.context.event.EventPublishingTestExecutionListener]
23:58:07.742 [Test worker] DEBUG org.springframework.boot.test.context.SpringBootTestContextBootstrapper - Skipping candidate TestExecutionListener [org.springframework.test.context.transaction.TransactionalTestExecutionListener] due to a missing dependency. Specify custom listener classes or make the default listener classes and their required dependencies available. Offending class: [org/springframework/transaction/TransactionDefinition]
23:58:07.743 [Test worker] DEBUG org.springframework.boot.test.context.SpringBootTestContextBootstrapper - Skipping candidate TestExecutionListener [org.springframework.test.context.jdbc.SqlScriptsTestExecutionListener] due to a missing dependency. Specify custom listener classes or make the default listener classes and their required dependencies available. Offending class: [org/springframework/transaction/interceptor/TransactionAttribute]
23:58:07.744 [Test worker] INFO org.springframework.boot.test.context.SpringBootTestContextBootstrapper - Using TestExecutionListeners: [org.springframework.test.context.web.ServletTestExecutionListener@7a0e1b5e, org.springframework.test.context.support.DirtiesContextBeforeModesTestExecutionListener@702ed190, org.springframework.test.context.event.ApplicationEventsTestExecutionListener@173b9122, org.springframework.boot.test.mock.mockito.MockitoTestExecutionListener@7c18432b, org.springframework.boot.test.autoconfigure.SpringBootDependencyInjectionTestExecutionListener@7646731d, org.springframework.test.context.support.DirtiesContextTestExecutionListener@70e29e14, org.springframework.test.context.event.EventPublishingTestExecutionListener@3b1bb3ab, org.springframework.boot.test.autoconfigure.restdocs.RestDocsTestExecutionListener@5a4bef8, org.springframework.boot.test.autoconfigure.web.client.MockRestServiceServerResetTestExecutionListener@40bffbca, org.springframework.boot.test.autoconfigure.web.servlet.MockMvcPrintOnlyOnFailureTestExecutionListener@2449cff7, org.springframework.boot.test.autoconfigure.web.servlet.WebDriverTestExecutionListener@42a9a63e, org.springframework.boot.test.autoconfigure.webservices.client.MockWebServiceServerTestExecutionListener@62da83ed, org.springframework.boot.test.mock.mockito.ResetMocksTestExecutionListener@5d8445d7]
23:58:07.750 [Test worker] DEBUG org.springframework.test.context.support.AbstractDirtiesContextTestExecutionListener - Before test class: context [DefaultTestContext@241a53ef testClass = SpringmvcApplicationTests, testInstance = [null], testMethod = [null], testException = [null], mergedContextConfiguration = [WebMergedContextConfiguration@344344fa testClass = SpringmvcApplicationTests, locations = '{}', classes = '{class hello.springmvc.SpringmvcApplication}', contextInitializerClasses = '[]', activeProfiles = '{}', propertySourceLocations = '{}', propertySourceProperties = '{org.springframework.boot.test.context.SpringBootTestContextBootstrapper=true}', contextCustomizers = set[org.springframework.boot.test.autoconfigure.actuate.metrics.MetricsExportContextCustomizerFactory$DisableMetricExportContextCustomizer@f001896, org.springframework.boot.test.autoconfigure.properties.PropertyMappingContextCustomizer@0, org.springframework.boot.test.autoconfigure.web.servlet.WebDriverContextCustomizerFactory$Customizer@3542162a, org.springframework.boot.test.context.filter.ExcludeFilterContextCustomizer@5bd82fed, org.springframework.boot.test.json.DuplicateJsonObjectContextCustomizerFactory$DuplicateJsonObjectContextCustomizer@549949be, org.springframework.boot.test.mock.mockito.MockitoContextCustomizer@0, org.springframework.boot.test.web.client.TestRestTemplateContextCustomizer@4189d70b, org.springframework.boot.test.context.SpringBootTestArgs@1, org.springframework.boot.test.context.SpringBootTestWebEnvironment@3e78b6a5], resourceBasePath = 'src/main/webapp', contextLoader = 'org.springframework.boot.test.context.SpringBootContextLoader', parent = [null]], attributes = map['org.springframework.test.context.web.ServletTestExecutionListener.activateListener' -> true]], class annotated with @DirtiesContext [false] with mode [null].

  .   ____          _            __ _ _
 /\\ / ___'_ __ _ _(_)_ __  __ _ \ \ \ \
( ( )\___ | '_ | '_| | '_ \/ _` | \ \ \ \
 \\/  ___)| |_)| | | | | || (_| |  ) ) ) )
  '  |____| .__|_| |_|_| |_\__, | / / / /
 =========|_|==============|___/=/_/_/_/
 :: Spring Boot ::               (v2.7.13)

2023-07-19 23:58:08.168  INFO 23113 --- [    Test worker] h.springmvc.SpringmvcApplicationTests    : Starting SpringmvcApplicationTests using Java 11.0.15 on johyeonhwaui-MacBookPro.local with PID 23113 (started by tomatocho in /Users/tomatocho/springmvc)
2023-07-19 23:58:08.170  INFO 23113 --- [    Test worker] h.springmvc.SpringmvcApplicationTests    : No active profile set, falling back to 1 default profile: "default"
2023-07-19 23:58:10.117  INFO 23113 --- [    Test worker] h.springmvc.SpringmvcApplicationTests    : Started SpringmvcApplicationTests in 2.314 seconds (JVM running for 4.08)
]]></system-out>
  <system-err><![CDATA[]]></system-err>
</testsuite>
